Using pre-set license
Built from '2021.3/staging' branch; Version is '2021.3.3f1 (af2e63e8f9bd) revision 11480675'; Using compiler version '192829333'; Build Type 'Release'
OS: 'Windows 10  (10.0.19044) 64bit Professional' Language: 'es' Physical Memory: 16331 MB
BatchMode: 1, IsHumanControllingUs: 0, StartBugReporterOnCrash: 0, Is64bit: 1, IsPro: 1

COMMAND LINE ARGUMENTS:
F:\ArchivosDePrograma\Unity\Hub\Editor\2021.3.3f1\Editor\Unity.exe
-adb2
-batchMode
-noUpm
-name
AssetImportWorker0
-projectPath
F:/GameJams/2022/Mayo2022_LevelUp/GameJam2022/GameJam2022
-logFile
Logs/AssetImportWorker0.log
-srvPort
55158
Successfully changed project path to: F:/GameJams/2022/Mayo2022_LevelUp/GameJam2022/GameJam2022
F:/GameJams/2022/Mayo2022_LevelUp/GameJam2022/GameJam2022
[UnityMemory] Configuration Parameters - Can be set up in boot.config
    "memorysetup-bucket-allocator-granularity=16"
    "memorysetup-bucket-allocator-bucket-count=8"
    "memorysetup-bucket-allocator-block-size=33554432"
    "memorysetup-bucket-allocator-block-count=8"
    "memorysetup-main-allocator-block-size=16777216"
    "memorysetup-thread-allocator-block-size=16777216"
    "memorysetup-gfx-main-allocator-block-size=16777216"
    "memorysetup-gfx-thread-allocator-block-size=16777216"
    "memorysetup-cache-allocator-block-size=4194304"
    "memorysetup-typetree-allocator-block-size=2097152"
    "memorysetup-profiler-bucket-allocator-granularity=16"
    "memorysetup-profiler-bucket-allocator-bucket-count=8"
    "memorysetup-profiler-bucket-allocator-block-size=33554432"
    "memorysetup-profiler-bucket-allocator-block-count=8"
    "memorysetup-profiler-allocator-block-size=16777216"
    "memorysetup-profiler-editor-allocator-block-size=1048576"
    "memorysetup-temp-allocator-size-main=16777216"
    "memorysetup-job-temp-allocator-block-size=2097152"
    "memorysetup-job-temp-allocator-block-size-background=1048576"
    "memorysetup-job-temp-allocator-reduction-small-platforms=262144"
    "memorysetup-temp-allocator-size-background-worker=32768"
    "memorysetup-temp-allocator-size-job-worker=262144"
    "memorysetup-temp-allocator-size-preload-manager=33554432"
    "memorysetup-temp-allocator-size-nav-mesh-worker=65536"
    "memorysetup-temp-allocator-size-audio-worker=65536"
    "memorysetup-temp-allocator-size-cloud-worker=32768"
    "memorysetup-temp-allocator-size-gi-baking-worker=262144"
    "memorysetup-temp-allocator-size-gfx=262144"
Refreshing native plugins compatible for Editor in 303.34 ms, found 3 plugins.
Preloading 0 native plugins for Editor in 0.00 ms.
Initialize engine version: 2021.3.3f1 (af2e63e8f9bd)
[Subsystems] Discovering subsystems at path F:/ArchivosDePrograma/Unity/Hub/Editor/2021.3.3f1/Editor/Data/Resources/UnitySubsystems
[Subsystems] Discovering subsystems at path F:/GameJams/2022/Mayo2022_LevelUp/GameJam2022/GameJam2022/Assets
GfxDevice: creating device client; threaded=0; jobified=0
Direct3D:
    Version:  Direct3D 11.0 [level 11.0]
    Renderer: NVIDIA GeForce GTX 550 Ti (ID=0x1244)
    Vendor:   NVIDIA
    VRAM:     959 MB
    Driver:   23.21.13.9135
Initialize mono
Mono path[0] = 'F:/ArchivosDePrograma/Unity/Hub/Editor/2021.3.3f1/Editor/Data/Managed'
Mono path[1] = 'F:/ArchivosDePrograma/Unity/Hub/Editor/2021.3.3f1/Editor/Data/MonoBleedingEdge/lib/mono/unityjit-win32'
Mono config path = 'F:/ArchivosDePrograma/Unity/Hub/Editor/2021.3.3f1/Editor/Data/MonoBleedingEdge/etc'
Using monoOptions --debugger-agent=transport=dt_socket,embedding=1,server=y,suspend=n,address=127.0.0.1:56160
Begin MonoManager ReloadAssembly
Registering precompiled unity dll's ...
Register platform support module: F:/ArchivosDePrograma/Unity/Hub/Editor/2021.3.3f1/Editor/Data/PlaybackEngines/WebGLSupport/UnityEditor.WebGL.Extensions.dll
Register platform support module: F:/ArchivosDePrograma/Unity/Hub/Editor/2021.3.3f1/Editor/Data/PlaybackEngines/WindowsStandaloneSupport/UnityEditor.WindowsStandalone.Extensions.dll
Register platform support module: F:/ArchivosDePrograma/Unity/Hub/Editor/2021.3.3f1/Editor/Data/PlaybackEngines/MetroSupport/UnityEditor.UWP.Extensions.dll
Registered in 0.006476 seconds.
Native extension for UWP target not found
Native extension for WindowsStandalone target not found
Native extension for WebGL target not found
Refreshing native plugins compatible for Editor in 301.22 ms, found 3 plugins.
Preloading 0 native plugins for Editor in 0.00 ms.
Mono: successfully reloaded assembly
- Completed reload, in  1.040 seconds
Domain Reload Profiling:
	ReloadAssembly (1041ms)
		BeginReloadAssembly (87ms)
			ExecutionOrderSort (0ms)
			DisableScriptedObjects (0ms)
			BackupInstance (0ms)
			ReleaseScriptingObjects (0ms)
			CreateAndSetChildDomain (1ms)
		EndReloadAssembly (815ms)
			LoadAssemblies (87ms)
			RebuildTransferFunctionScriptingTraits (0ms)
			SetupTypeCache (142ms)
			ReleaseScriptCaches (0ms)
			RebuildScriptCaches (38ms)
			SetupLoadedEditorAssemblies (568ms)
				LogAssemblyErrors (0ms)
				InitializePlatformSupportModulesInManaged (14ms)
				SetLoadedEditorAssemblies (0ms)
				RefreshPlugins (301ms)
				BeforeProcessingInitializeOnLoad (2ms)
				ProcessInitializeOnLoadAttributes (189ms)
				ProcessInitializeOnLoadMethodAttributes (62ms)
				AfterProcessingInitializeOnLoad (0ms)
				EditorAssembliesLoaded (0ms)
			ExecutionOrderSort2 (0ms)
			AwakeInstancesAfterBackupRestoration (0ms)
Platform modules already initialized, skipping
Registering precompiled user dll's ...
Registered in 0.005023 seconds.
Begin MonoManager ReloadAssembly
Symbol file LoadedFromMemory doesn't match image F:\GameJams\2022\Mayo2022_LevelUp\GameJam2022\GameJam2022\Library\PackageCache\com.unity.visualscripting@1.7.6\Editor\VisualScripting.Core\Dependencies\YamlDotNet\Unity.VisualScripting.YamlDotNet.dll
Symbol file LoadedFromMemory doesn't match image F:\GameJams\2022\Mayo2022_LevelUp\GameJam2022\GameJam2022\Library\PackageCache\com.unity.visualscripting@1.7.6\Editor\VisualScripting.Core\Dependencies\DotNetZip\Unity.VisualScripting.IonicZip.dll
Native extension for UWP target not found
Native extension for WindowsStandalone target not found
Native extension for WebGL target not found
Refreshing native plugins compatible for Editor in 0.68 ms, found 3 plugins.
Preloading 0 native plugins for Editor in 0.00 ms.
Mono: successfully reloaded assembly
- Completed reload, in  1.564 seconds
Domain Reload Profiling:
	ReloadAssembly (1565ms)
		BeginReloadAssembly (145ms)
			ExecutionOrderSort (0ms)
			DisableScriptedObjects (8ms)
			BackupInstance (0ms)
			ReleaseScriptingObjects (0ms)
			CreateAndSetChildDomain (24ms)
		EndReloadAssembly (1267ms)
			LoadAssemblies (101ms)
			RebuildTransferFunctionScriptingTraits (0ms)
			SetupTypeCache (378ms)
			ReleaseScriptCaches (1ms)
			RebuildScriptCaches (71ms)
			SetupLoadedEditorAssemblies (660ms)
				LogAssemblyErrors (0ms)
				InitializePlatformSupportModulesInManaged (9ms)
				SetLoadedEditorAssemblies (1ms)
				RefreshPlugins (1ms)
				BeforeProcessingInitializeOnLoad (261ms)
				ProcessInitializeOnLoadAttributes (340ms)
				ProcessInitializeOnLoadMethodAttributes (43ms)
				AfterProcessingInitializeOnLoad (5ms)
				EditorAssembliesLoaded (0ms)
			ExecutionOrderSort2 (0ms)
			AwakeInstancesAfterBackupRestoration (8ms)
Platform modules already initialized, skipping
========================================================================
Worker process is ready to serve import requests
Launched and connected shader compiler UnityShaderCompiler.exe after 0.07 seconds
Refreshing native plugins compatible for Editor in 0.96 ms, found 3 plugins.
Preloading 0 native plugins for Editor in 0.00 ms.
Unloading 3360 Unused Serialized files (Serialized files now loaded: 0)
Unloading 26 unused Assets / (112.4 KB). Loaded Objects now: 3817.
Memory consumption went from 115.7 MB to 115.6 MB.
Total: 3.862500 ms (FindLiveObjects: 0.309500 ms CreateObjectMapping: 0.141600 ms MarkObjects: 3.279800 ms  DeleteObjects: 0.129900 ms)

AssetImportParameters requested are different than current active one (requested -> active):
  custom:video-decoder-ogg-theora: a1e56fd34408186e4bbccfd4996cb3dc -> 
  custom:container-muxer-webm: aa71ff27fc2769a1b78a27578f13a17b -> 
  custom:container-demuxer-webm: 4f35f7cbe854078d1ac9338744f61a02 -> 
  custom:video-encoder-webm-vp8: eb34c28f22e8b96e1ab97ce403110664 -> 
  custom:audio-encoder-webm-vorbis: bf7c407c2cedff20999df2af8eb42d56 -> 
  custom:framework-win-MediaFoundation: 216162199b28c13a410421893ffa2e32 -> 
  custom:container-demuxer-ogg: 62fdf1f143b41e24485cea50d1cbac27 -> 
  custom:video-decoder-webm-vp8: 9c59270c3fd7afecdb556c50c9e8de78 -> 
  custom:audio-decoder-ogg-vorbis: bf7c407c2cedff20999df2af8eb42d56 -> 
========================================================================
Received Import Request.
  Time since last request: 9464.083825 seconds.
  path: Assets
  artifactKey: Guid(00000000000000001000000000000000) Importer(815301076,1909f56bfc062723c751e8b465ee728b)
Start importing Assets using Guid(00000000000000001000000000000000) Importer(815301076,1909f56bfc062723c751e8b465ee728b)  -> (artifact id: '79842766b460edbeab6a34051e857a80') in 0.005970 seconds 
========================================================================
Received Import Request.
  Time since last request: 4.822223 seconds.
  path: Assets/Escenas
  artifactKey: Guid(bc89420aec8c8a7479f5e7be7eda44fe) Importer(815301076,1909f56bfc062723c751e8b465ee728b)
Start importing Assets/Escenas using Guid(bc89420aec8c8a7479f5e7be7eda44fe) Importer(815301076,1909f56bfc062723c751e8b465ee728b)  -> (artifact id: 'fc53ba5fd7df9d86d75ced0550491c69') in 0.001071 seconds 
========================================================================
Received Import Request.
  Time since last request: 1.539030 seconds.
  path: Assets/Scenes
  artifactKey: Guid(6ea315d0fd7389c41b19996891e99ae3) Importer(815301076,1909f56bfc062723c751e8b465ee728b)
Start importing Assets/Scenes using Guid(6ea315d0fd7389c41b19996891e99ae3) Importer(815301076,1909f56bfc062723c751e8b465ee728b)  -> (artifact id: 'b8193726cff86800c54781cdc6d54904') in 0.001228 seconds 
========================================================================
Received Import Request.
  Time since last request: 10.344940 seconds.
  path: Assets/VFX
  artifactKey: Guid(28daed577da07554ebc7e6259b34576f) Importer(815301076,1909f56bfc062723c751e8b465ee728b)
Start importing Assets/VFX using Guid(28daed577da07554ebc7e6259b34576f) Importer(815301076,1909f56bfc062723c751e8b465ee728b)  -> (artifact id: '4449d99d2b633e2323bbdb530fd71e89') in 0.001266 seconds 
========================================================================
Received Import Request.
  Time since last request: 12.033944 seconds.
  path: Assets/Prefabs
  artifactKey: Guid(fc5097235d1848a4882e40f7a0f31c41) Importer(815301076,1909f56bfc062723c751e8b465ee728b)
Start importing Assets/Prefabs using Guid(fc5097235d1848a4882e40f7a0f31c41) Importer(815301076,1909f56bfc062723c751e8b465ee728b)  -> (artifact id: 'ee486c406e4acd839b95838f56af9da5') in 0.001337 seconds 
========================================================================
Received Import Request.
  Time since last request: 7.255047 seconds.
  path: Assets/Materiales
  artifactKey: Guid(b1bbf261e2158e34b89f2b50ebbe8fab) Importer(815301076,1909f56bfc062723c751e8b465ee728b)
Start importing Assets/Materiales using Guid(b1bbf261e2158e34b89f2b50ebbe8fab) Importer(815301076,1909f56bfc062723c751e8b465ee728b)  -> (artifact id: '22b81105b91f2a28063b2a19db3b4d50') in 0.000995 seconds 
========================================================================
Received Import Request.
  Time since last request: 12.892996 seconds.
  path: Assets/Animaciones
  artifactKey: Guid(78d275d83f01feb4a9cf9b4f391b3d6b) Importer(815301076,1909f56bfc062723c751e8b465ee728b)
Start importing Assets/Animaciones using Guid(78d275d83f01feb4a9cf9b4f391b3d6b) Importer(815301076,1909f56bfc062723c751e8b465ee728b)  -> (artifact id: '1ed3f114c8f353a34e531655c30c64de') in 0.001202 seconds 
========================================================================
Received Import Request.
  Time since last request: 18.117194 seconds.
  path: Assets/Musica
  artifactKey: Guid(0aad95e5a5ea3b34b8147383c88be67e) Importer(815301076,1909f56bfc062723c751e8b465ee728b)
Start importing Assets/Musica using Guid(0aad95e5a5ea3b34b8147383c88be67e) Importer(815301076,1909f56bfc062723c751e8b465ee728b)  -> (artifact id: '6cf7afc2691068bfee5ca19e6496e01b') in 0.001272 seconds 
========================================================================
Received Import Request.
  Time since last request: 5.906504 seconds.
  path: Assets/Musica/Audio
  artifactKey: Guid(5c9a8f4fc5c79624b9c6b22cfec3e77b) Importer(815301076,1909f56bfc062723c751e8b465ee728b)
Start importing Assets/Musica/Audio using Guid(5c9a8f4fc5c79624b9c6b22cfec3e77b) Importer(815301076,1909f56bfc062723c751e8b465ee728b)  -> (artifact id: 'bdcf36fd870797f53cc7eb5cc0a305b5') in 0.001009 seconds 
========================================================================
Received Import Request.
  Time since last request: 8.798944 seconds.
  path: Assets/Audio
  artifactKey: Guid(aeb3b997be6211844a9d47aa3d5884ca) Importer(815301076,1909f56bfc062723c751e8b465ee728b)
Start importing Assets/Audio using Guid(aeb3b997be6211844a9d47aa3d5884ca) Importer(815301076,1909f56bfc062723c751e8b465ee728b)  -> (artifact id: 'b5abe68fb8912cd81c26adc53dc63a5b') in 0.001045 seconds 
========================================================================
Received Import Request.
  Time since last request: 7.641929 seconds.
  path: Assets/Audio/SoundFX
  artifactKey: Guid(3fd47aaf94c3bdc47b717c0197a400f6) Importer(815301076,1909f56bfc062723c751e8b465ee728b)
Start importing Assets/Audio/SoundFX using Guid(3fd47aaf94c3bdc47b717c0197a400f6) Importer(815301076,1909f56bfc062723c751e8b465ee728b)  -> (artifact id: '413668bdc9cdc4ad15e0800e561116ae') in 0.001245 seconds 
========================================================================
Received Import Request.
  Time since last request: 6.070345 seconds.
  path: Assets/Audio/BSO
  artifactKey: Guid(575997b8257a9574798845da94f37307) Importer(815301076,1909f56bfc062723c751e8b465ee728b)
Start importing Assets/Audio/BSO using Guid(575997b8257a9574798845da94f37307) Importer(815301076,1909f56bfc062723c751e8b465ee728b)  -> (artifact id: 'af9d1c3b135457a5d3408073e682ed4c') in 0.001046 seconds 
========================================================================
Received Import Request.
  Time since last request: 14.985751 seconds.
  path: Assets/Animaciones/AnimsCamara
  artifactKey: Guid(0105b66a762fe744e8dd93d2f9b4cec6) Importer(815301076,1909f56bfc062723c751e8b465ee728b)
Start importing Assets/Animaciones/AnimsCamara using Guid(0105b66a762fe744e8dd93d2f9b4cec6) Importer(815301076,1909f56bfc062723c751e8b465ee728b)  -> (artifact id: 'e2db31b2098b52bb3ff0012eecb440fe') in 0.000999 seconds 
========================================================================
Received Import Request.
  Time since last request: 1.812510 seconds.
  path: Assets/Animaciones/AnimsCamara 1
  artifactKey: Guid(0134ff490829d6a49b30402c44492c54) Importer(815301076,1909f56bfc062723c751e8b465ee728b)
Start importing Assets/Animaciones/AnimsCamara 1 using Guid(0134ff490829d6a49b30402c44492c54) Importer(815301076,1909f56bfc062723c751e8b465ee728b)  -> (artifact id: '658607223fe97cd3add9ba75a2e2a778') in 0.001027 seconds 
========================================================================
Received Import Request.
  Time since last request: 0.668289 seconds.
  path: Assets/Animaciones/AnimsCamara 2
  artifactKey: Guid(12029baa4e0a45143a4dfdda6578703d) Importer(815301076,1909f56bfc062723c751e8b465ee728b)
Start importing Assets/Animaciones/AnimsCamara 2 using Guid(12029baa4e0a45143a4dfdda6578703d) Importer(815301076,1909f56bfc062723c751e8b465ee728b)  -> (artifact id: 'ad80cd4ead87ade49afc17661590af5e') in 0.000999 seconds 
========================================================================
Received Import Request.
  Time since last request: 0.402624 seconds.
  path: Assets/Animaciones/AnimsCamara 3
  artifactKey: Guid(5ec89454b40ff3e46b3f8ee89797a38d) Importer(815301076,1909f56bfc062723c751e8b465ee728b)
Start importing Assets/Animaciones/AnimsCamara 3 using Guid(5ec89454b40ff3e46b3f8ee89797a38d) Importer(815301076,1909f56bfc062723c751e8b465ee728b)  -> (artifact id: 'a0c228200959ec06a5adcde8b135010a') in 0.001065 seconds 
========================================================================
Received Import Request.
  Time since last request: 6.326424 seconds.
  path: Assets/Animaciones/AnimsPersonajes
  artifactKey: Guid(0134ff490829d6a49b30402c44492c54) Importer(815301076,1909f56bfc062723c751e8b465ee728b)
Start importing Assets/Animaciones/AnimsPersonajes using Guid(0134ff490829d6a49b30402c44492c54) Importer(815301076,1909f56bfc062723c751e8b465ee728b)  -> (artifact id: '27af7ca8ab7533f02b2669d758fac593') in 0.001318 seconds 
========================================================================
Received Import Request.
  Time since last request: 6.805416 seconds.
  path: Assets/Animaciones/AnimsEscenario
  artifactKey: Guid(12029baa4e0a45143a4dfdda6578703d) Importer(815301076,1909f56bfc062723c751e8b465ee728b)
Start importing Assets/Animaciones/AnimsEscenario using Guid(12029baa4e0a45143a4dfdda6578703d) Importer(815301076,1909f56bfc062723c751e8b465ee728b)  -> (artifact id: 'f3cb9303b3ca1dd7e0f1d5a80db37293') in 0.001105 seconds 
========================================================================
Received Import Request.
  Time since last request: 6.886596 seconds.
  path: Assets/Animaciones/AnimsMenu
  artifactKey: Guid(5ec89454b40ff3e46b3f8ee89797a38d) Importer(815301076,1909f56bfc062723c751e8b465ee728b)
Start importing Assets/Animaciones/AnimsMenu using Guid(5ec89454b40ff3e46b3f8ee89797a38d) Importer(815301076,1909f56bfc062723c751e8b465ee728b)  -> (artifact id: '55ceebcdae274080156cd3eeff49a98b') in 0.001457 seconds 
========================================================================
Received Import Request.
  Time since last request: 18.324442 seconds.
  path: Assets/Escenas/Testeo y pruebas
  artifactKey: Guid(e4aab687e43801b468de7ed368c3b296) Importer(815301076,1909f56bfc062723c751e8b465ee728b)
Start importing Assets/Escenas/Testeo y pruebas using Guid(e4aab687e43801b468de7ed368c3b296) Importer(815301076,1909f56bfc062723c751e8b465ee728b)  -> (artifact id: '149688d09fb8f80d7364e6dfe4b901b5') in 0.001265 seconds 
========================================================================
Received Import Request.
  Time since last request: 17.044973 seconds.
  path: Assets/Escenas/Finales
  artifactKey: Guid(bb49de242f05feb49a55fdc09cd88e25) Importer(815301076,1909f56bfc062723c751e8b465ee728b)
Start importing Assets/Escenas/Finales using Guid(bb49de242f05feb49a55fdc09cd88e25) Importer(815301076,1909f56bfc062723c751e8b465ee728b)  -> (artifact id: 'd5a2a35424fb6ef8216e6270cd79a13b') in 0.001239 seconds 
========================================================================
Received Import Request.
  Time since last request: 32.009543 seconds.
  path: Assets/Escenas/Finales/01_.unity
  artifactKey: Guid(7ccf38982cc348b4889fe12789755002) Importer(815301076,1909f56bfc062723c751e8b465ee728b)
Start importing Assets/Escenas/Finales/01_.unity using Guid(7ccf38982cc348b4889fe12789755002) Importer(815301076,1909f56bfc062723c751e8b465ee728b)  -> (artifact id: 'bc248654d59b803bc50cca3ca1c30e0f') in 0.002092 seconds 
========================================================================
Received Import Request.
  Time since last request: 22.102134 seconds.
  path: Assets/Scripts
  artifactKey: Guid(2c944d938d9f2e14e8555e2e3ba79666) Importer(815301076,1909f56bfc062723c751e8b465ee728b)
Start importing Assets/Scripts using Guid(2c944d938d9f2e14e8555e2e3ba79666) Importer(815301076,1909f56bfc062723c751e8b465ee728b)  -> (artifact id: 'd2b99335b6959637685f4ee4b3711649') in 0.001003 seconds 
========================================================================
Received Import Request.
  Time since last request: 12.830360 seconds.
  path: Assets/New Folder
  artifactKey: Guid(a01f0c3aaf6e7034da2277f717d1273a) Importer(815301076,1909f56bfc062723c751e8b465ee728b)
Start importing Assets/New Folder using Guid(a01f0c3aaf6e7034da2277f717d1273a) Importer(815301076,1909f56bfc062723c751e8b465ee728b)  -> (artifact id: 'b30dd70df8bb8e3b88b38032b28213c8') in 0.001126 seconds 
========================================================================
Received Import Request.
  Time since last request: 17.633287 seconds.
  path: Assets/Material2D
  artifactKey: Guid(b11512c5b1fd3c647ae22e59d5ca6aea) Importer(815301076,1909f56bfc062723c751e8b465ee728b)
Start importing Assets/Material2D using Guid(b11512c5b1fd3c647ae22e59d5ca6aea) Importer(815301076,1909f56bfc062723c751e8b465ee728b)  -> (artifact id: '0293ad4975d91b163f6e5d21097ecc9f') in 0.001145 seconds 
========================================================================
Received Import Request.
  Time since last request: 8.059456 seconds.
  path: Assets/Material3D
  artifactKey: Guid(4bc52ca4874590c4191b826f33da4561) Importer(815301076,1909f56bfc062723c751e8b465ee728b)
Start importing Assets/Material3D using Guid(4bc52ca4874590c4191b826f33da4561) Importer(815301076,1909f56bfc062723c751e8b465ee728b)  -> (artifact id: '12aa0fef74fe4ca2e0d3405809bf6b96') in 0.001140 seconds 
